<?xml version="1.0" encoding="UTF-8"?>
<!-- Generated by org.testng.reporters.JUnitReportReporter -->
<testsuite hostname="DESKTOP-H7BKF62" failures="0" tests="1" name="orange.testcases.checkAdminlogin" time="5.806" errors="0" timestamp="2022-12-13T17:10:55 IST" skipped="0">
  <testcase classname="orange.testcases.checkAdminlogin" name="loginwithValidData" time="5.806"/>
  <system-out/>
</testsuite> <!-- orange.testcases.checkAdminlogin -->
