<?xml version="1.0" encoding="UTF-8"?>
<!-- Generated by org.testng.reporters.JUnitReportReporter -->
<testsuite hostname="DESKTOP-H7BKF62" failures="0" tests="1" name="orange.testcases.AdminloginwithValidData" time="12.498" errors="0" timestamp="2022-12-14T13:28:54 IST" skipped="0">
  <testcase classname="orange.testcases.AdminloginwithValidData" name="loginwithValidData" time="12.498"/>
  <system-out/>
</testsuite> <!-- orange.testcases.AdminloginwithValidData -->
