<?xml version="1.0" encoding="UTF-8"?>
<!-- Generated by org.testng.reporters.JUnitReportReporter -->
<testsuite hostname="DESKTOP-H7BKF62" failures="0" tests="1" name="orange.testcases.AdminloginWithInvalidData" time="2.452" errors="0" timestamp="2022-12-14T13:28:54 IST" skipped="0">
  <testcase classname="orange.testcases.AdminloginWithInvalidData" name="loginwithInvaliddata" time="2.452"/>
  <system-out/>
</testsuite> <!-- orange.testcases.AdminloginWithInvalidData -->
